<?xml version="1.0" encoding="UTF-8"?>
<!-- Generated by org.testng.reporters.JUnitReportReporter -->
<testsuite hostname="LIN20003534" failures="0" tests="3" name="com.java.testng.basics.copyForExecution.RegExp" time="0.005" errors="0" timestamp="2021-12-21T21:49:40 IST" skipped="0">
  <testcase classname="com.java.testng.basics.copyForExecution.RegExp" name="loginUsingLaptop" time="0.001"/>
  <system-out/>
  <testcase classname="com.java.testng.basics.copyForExecution.RegExp" name="viadesktop" time="0.002"/>
  <system-out/>
  <testcase classname="com.java.testng.basics.copyForExecution.RegExp" name="loginUsingMobile" time="0.002"/>
  <system-out/>
</testsuite> <!-- com.java.testng.basics.copyForExecution.RegExp -->
