<?xml version="1.0" encoding="UTF-8"?>
<!-- Generated by org.testng.reporters.JUnitReportReporter -->
<testsuite hostname="LIN20003534" failures="0" tests="1" name="com.java.testng.basics.RegExp" time="0.012" errors="0" timestamp="2021-12-21T21:39:09 IST" skipped="0">
  <testcase classname="com.java.testng.basics.RegExp" name="viadesktop" time="0.012"/>
  <system-out/>
</testsuite> <!-- com.java.testng.basics.RegExp -->
