<?xml version="1.0" encoding="UTF-8"?>
<!-- Generated by org.testng.reporters.JUnitReportReporter -->
<testsuite hostname="LIN20003534" failures="0" tests="3" name="com.java.testng.basics.copyForExecution.CarLoan" time="0.011" errors="0" timestamp="2021-12-21T21:49:40 IST" skipped="0">
  <testcase classname="com.java.testng.basics.copyForExecution.CarLoan" name="applyViaBroker" time="0.009"/>
  <system-out/>
  <testcase classname="com.java.testng.basics.copyForExecution.CarLoan" name="applyViaMobileApp" time="0.001"/>
  <system-out/>
  <testcase classname="com.java.testng.basics.copyForExecution.CarLoan" name="applyViaWeb" time="0.001"/>
  <system-out/>
</testsuite> <!-- com.java.testng.basics.copyForExecution.CarLoan -->
